# JRE version: Java(TM) SE Runtime Environment (8.0_191-b12) (build 1.8.0_191-b12)
# Java VM: Java HotSpot(TM) 64-Bit Server VM (25.191-b12 mixed mode linux-amd64 compressed oops)
Heap:
 garbage-first heap   total 271360K, used 201910K [0x00000000c0000000, 0x00000000c0100848, 0x0000000100000000)
  region size 1024K, 19 young (19456K), 3 survivors (3072K)
 Metaspace       used 107867K, capacity 118282K, committed 118640K, reserved 1153024K
  class space    used 12967K, capacity 15905K, committed 15984K, reserved 1048576K
GC Heap History (10 events):
Event: 855.429 GC heap before
{Heap before GC invocations=33 (full 3):
 garbage-first heap   total 271360K, used 220815K [0x00000000c0000000, 0x00000000c0100848, 0x0000000100000000)
  region size 1024K, 136 young (139264K), 20 survivors (20480K)
 Metaspace       used 107104K, capacity 117500K, committed 117616K, reserved 1150976K
  class space    used 12888K, capacity 15900K, committed 15984K, reserved 1048576K
Event: 855.462 GC heap after
Heap after GC invocations=34 (full 3):
 garbage-first heap   total 271360K, used 93030K [0x00000000c0000000, 0x00000000c0100848, 0x0000000100000000)
  region size 1024K, 3 young (3072K), 3 survivors (3072K)
 Metaspace       used 107104K, capacity 117500K, committed 117616K, reserved 1150976K
  class space    used 12888K, capacity 15900K, committed 15984K, reserved 1048576K
}
Event: 856.015 GC heap before
{Heap before GC invocations=34 (full 3):
 garbage-first heap   total 271360K, used 234342K [0x00000000c0000000, 0x00000000c0100848, 0x0000000100000000)
  region size 1024K, 141 young (144384K), 3 survivors (3072K)
 Metaspace       used 107116K, capacity 117564K, committed 117872K, reserved 1150976K
  class space    used 12888K, capacity 15900K, committed 15984K, reserved 1048576K
Event: 856.052 GC heap after
Heap after GC invocations=35 (full 3):
 garbage-first heap   total 271360K, used 115716K [0x00000000c0000000, 0x00000000c0100848, 0x0000000100000000)
  region size 1024K, 18 young (18432K), 18 survivors (18432K)
 Metaspace       used 107116K, capacity 117564K, committed 117872K, reserved 1150976K
  class space    used 12888K, capacity 15900K, committed 15984K, reserved 1048576K
}
Event: 856.381 GC heap before
{Heap before GC invocations=35 (full 3):
 garbage-first heap   total 271360K, used 223236K [0x00000000c0000000, 0x00000000c0100848, 0x0000000100000000)
  region size 1024K, 123 young (125952K), 18 survivors (18432K)
 Metaspace       used 107118K, capacity 117564K, committed 117872K, reserved 1150976K
  class space    used 12888K, capacity 15900K, committed 15984K, reserved 1048576K
Event: 856.404 GC heap after
Heap after GC invocations=36 (full 3):
 garbage-first heap   total 271360K, used 122884K [0x00000000c0000000, 0x00000000c0100848, 0x0000000100000000)
  region size 1024K, 16 young (16384K), 16 survivors (16384K)
 Metaspace       used 107118K, capacity 117564K, committed 117872K, reserved 1150976K
  class space    used 12888K, capacity 15900K, committed 15984K, reserved 1048576K
}
Event: 862.639 GC heap before
{Heap before GC invocations=36 (full 3):
 garbage-first heap   total 271360K, used 225284K [0x00000000c0000000, 0x00000000c0100848, 0x0000000100000000)
  region size 1024K, 116 young (118784K), 16 survivors (16384K)
 Metaspace       used 107374K, capacity 117822K, committed 118128K, reserved 1150976K
  class space    used 12911K, capacity 15902K, committed 15984K, reserved 1048576K
Event: 862.651 GC heap after
Heap after GC invocations=37 (full 3):
 garbage-first heap   total 271360K, used 109572K [0x00000000c0000000, 0x00000000c0100848, 0x0000000100000000)
  region size 1024K, 2 young (2048K), 2 survivors (2048K)
 Metaspace       used 107374K, capacity 117822K, committed 118128K, reserved 1150976K
  class space    used 12911K, capacity 15902K, committed 15984K, reserved 1048576K
}
Event: 864.400 GC heap before
{Heap before GC invocations=37 (full 3):
 garbage-first heap   total 271360K, used 145911K [0x00000000c0000000, 0x00000000c0100848, 0x0000000100000000)
  region size 1024K, 29 young (29696K), 2 survivors (2048K)
 Metaspace       used 107743K, capacity 118088K, committed 118384K, reserved 1150976K
  class space    used 12950K, capacity 15906K, committed 15984K, reserved 1048576K
Event: 864.408 GC heap after
Heap after GC invocations=38 (full 3):
 garbage-first heap   total 271360K, used 111300K [0x00000000c0000000, 0x00000000c0100848, 0x0000000100000000)
  region size 1024K, 3 young (3072K), 3 survivors (3072K)
 Metaspace       used 107743K, capacity 118088K, committed 118384K, reserved 1150976K
  class space    used 12950K, capacity 15906K, committed 15984K, reserved 1048576K
}

