# JRE version: Java(TM) SE Runtime Environment (8.0_191-b12) (build 1.8.0_191-b12)
# Java VM: Java HotSpot(TM) 64-Bit Server VM (25.191-b12 mixed mode linux-amd64 compressed oops)
Heap:
 garbage-first heap   total 262144K, used 108032K [0x00000000c0000000, 0x00000000c0100800, 0x0000000100000000)
  region size 1024K, 7 young (7168K), 2 survivors (2048K)
 Metaspace       used 126807K, capacity 138672K, committed 138880K, reserved 1169408K
  class space    used 14999K, capacity 18478K, committed 18560K, reserved 1048576K
GC Heap History (10 events):
Event: 2017.574 GC heap before
{Heap before GC invocations=77 (full 0):
 garbage-first heap   total 262144K, used 225280K [0x00000000c0000000, 0x00000000c0100800, 0x0000000100000000)
  region size 1024K, 110 young (112640K), 9 survivors (9216K)
 Metaspace       used 126167K, capacity 137972K, committed 138240K, reserved 1169408K
  class space    used 14929K, capacity 18411K, committed 18432K, reserved 1048576K
Event: 2017.612 GC heap after
Heap after GC invocations=78 (full 0):
 garbage-first heap   total 262144K, used 122710K [0x00000000c0000000, 0x00000000c0100800, 0x0000000100000000)
  region size 1024K, 8 young (8192K), 8 survivors (8192K)
 Metaspace       used 126167K, capacity 137972K, committed 138240K, reserved 1169408K
  class space    used 14929K, capacity 18411K, committed 18432K, reserved 1048576K
}
Event: 2033.056 GC heap before
{Heap before GC invocations=78 (full 0):
 garbage-first heap   total 262144K, used 226134K [0x00000000c0000000, 0x00000000c0100800, 0x0000000100000000)
  region size 1024K, 109 young (111616K), 8 survivors (8192K)
 Metaspace       used 126181K, capacity 137972K, committed 138240K, reserved 1169408K
  class space    used 14929K, capacity 18411K, committed 18432K, reserved 1048576K
Event: 2033.075 GC heap after
Heap after GC invocations=79 (full 0):
 garbage-first heap   total 262144K, used 123222K [0x00000000c0000000, 0x00000000c0100800, 0x0000000100000000)
  region size 1024K, 9 young (9216K), 9 survivors (9216K)
 Metaspace       used 126181K, capacity 137972K, committed 138240K, reserved 1169408K
  class space    used 14929K, capacity 18411K, committed 18432K, reserved 1048576K
}
Event: 2039.345 GC heap before
{Heap before GC invocations=79 (full 0):
 garbage-first heap   total 262144K, used 161302K [0x00000000c0000000, 0x00000000c0100800, 0x0000000100000000)
  region size 1024K, 46 young (47104K), 9 survivors (9216K)
 Metaspace       used 126710K, capacity 138582K, committed 138880K, reserved 1169408K
  class space    used 14986K, capacity 18483K, committed 18560K, reserved 1048576K
Event: 2039.361 GC heap after
Heap after GC invocations=80 (full 0):
 garbage-first heap   total 262144K, used 122902K [0x00000000c0000000, 0x00000000c0100800, 0x0000000100000000)
  region size 1024K, 7 young (7168K), 7 survivors (7168K)
 Metaspace       used 126710K, capacity 138582K, committed 138880K, reserved 1169408K
  class space    used 14986K, capacity 18483K, committed 18560K, reserved 1048576K
}
Event: 2040.723 GC heap before
{Heap before GC invocations=81 (full 0):
 garbage-first heap   total 262144K, used 206309K [0x00000000c0000000, 0x00000000c0100800, 0x0000000100000000)
  region size 1024K, 13 young (13312K), 7 survivors (7168K)
 Metaspace       used 126669K, capacity 138464K, committed 138880K, reserved 1169408K
  class space    used 14981K, capacity 18474K, committed 18560K, reserved 1048576K
Event: 2040.737 GC heap after
Heap after GC invocations=82 (full 0):
 garbage-first heap   total 262144K, used 120539K [0x00000000c0000000, 0x00000000c0100800, 0x0000000100000000)
  region size 1024K, 2 young (2048K), 2 survivors (2048K)
 Metaspace       used 126669K, capacity 138464K, committed 138880K, reserved 1169408K
  class space    used 14981K, capacity 18474K, committed 18560K, reserved 1048576K
}
Event: 2041.421 GC heap before
{Heap before GC invocations=82 (full 0):
 garbage-first heap   total 262144K, used 156289K [0x00000000c0000000, 0x00000000c0100800, 0x0000000100000000)
  region size 1024K, 12 young (12288K), 2 survivors (2048K)
 Metaspace       used 126777K, capacity 138608K, committed 138880K, reserved 1169408K
  class space    used 14995K, capacity 18478K, committed 18560K, reserved 1048576K
Event: 2041.447 GC heap after
Heap after GC invocations=83 (full 0):
 garbage-first heap   total 262144K, used 103936K [0x00000000c0000000, 0x00000000c0100800, 0x0000000100000000)
  region size 1024K, 2 young (2048K), 2 survivors (2048K)
 Metaspace       used 126777K, capacity 138608K, committed 138880K, reserved 1169408K
  class space    used 14995K, capacity 18478K, committed 18560K, reserved 1048576K
}

