# JRE version: Java(TM) SE Runtime Environment (8.0_191-b12) (build 1.8.0_191-b12)
# Java VM: Java HotSpot(TM) 64-Bit Server VM (25.191-b12 mixed mode linux-amd64 compressed oops)
Heap:
 garbage-first heap   total 262144K, used 154848K [0x00000000c0000000, 0x00000000c0100800, 0x0000000100000000)
  region size 1024K, 27 young (27648K), 12 survivors (12288K)
 Metaspace       used 73743K, capacity 82180K, committed 82380K, reserved 1120256K
  class space    used 9117K, capacity 11640K, committed 11724K, reserved 1048576K
GC Heap History (10 events):
Event: 11.776 GC heap before
{Heap before GC invocations=7 (full 0):
 garbage-first heap   total 262144K, used 98521K [0x00000000c0000000, 0x00000000c0100800, 0x0000000100000000)
  region size 1024K, 45 young (46080K), 5 survivors (5120K)
 Metaspace       used 28960K, capacity 31850K, committed 32000K, reserved 1077248K
  class space    used 3500K, capacity 4376K, committed 4480K, reserved 1048576K
Event: 11.848 GC heap after
Heap after GC invocations=8 (full 0):
 garbage-first heap   total 262144K, used 38399K [0x00000000c0000000, 0x00000000c0100800, 0x0000000100000000)
  region size 1024K, 19 young (19456K), 19 survivors (19456K)
 Metaspace       used 28960K, capacity 31850K, committed 32000K, reserved 1077248K
  class space    used 3500K, capacity 4376K, committed 4480K, reserved 1048576K
}
Event: 15.129 GC heap before
{Heap before GC invocations=9 (full 0):
 garbage-first heap   total 262144K, used 166933K [0x00000000c0000000, 0x00000000c0100800, 0x0000000100000000)
  region size 1024K, 145 young (148480K), 19 survivors (19456K)
 Metaspace       used 48667K, capacity 53706K, committed 53760K, reserved 1095680K
  class space    used 5814K, capacity 7401K, committed 7424K, reserved 1048576K
Event: 15.200 GC heap after
Heap after GC invocations=10 (full 0):
 garbage-first heap   total 262144K, used 57597K [0x00000000c0000000, 0x00000000c0100800, 0x0000000100000000)
  region size 1024K, 20 young (20480K), 20 survivors (20480K)
 Metaspace       used 48667K, capacity 53706K, committed 53760K, reserved 1095680K
  class space    used 5814K, capacity 7401K, committed 7424K, reserved 1048576K
}
Event: 17.673 GC heap before
{Heap before GC invocations=11 (full 0):
 garbage-first heap   total 262144K, used 138493K [0x00000000c0000000, 0x00000000c0100800, 0x0000000100000000)
  region size 1024K, 99 young (101376K), 20 survivors (20480K)
 Metaspace       used 58068K, capacity 64044K, committed 64204K, reserved 1103872K
  class space    used 7024K, capacity 8858K, committed 8908K, reserved 1048576K
Event: 17.733 GC heap after
Heap after GC invocations=12 (full 0):
 garbage-first heap   total 262144K, used 72704K [0x00000000c0000000, 0x00000000c0100800, 0x0000000100000000)
  region size 1024K, 13 young (13312K), 13 survivors (13312K)
 Metaspace       used 58068K, capacity 64044K, committed 64204K, reserved 1103872K
  class space    used 7024K, capacity 8858K, committed 8908K, reserved 1048576K
}
Event: 53.769 GC heap before
{Heap before GC invocations=12 (full 0):
 garbage-first heap   total 262144K, used 212992K [0x00000000c0000000, 0x00000000c0100800, 0x0000000100000000)
  region size 1024K, 150 young (153600K), 13 survivors (13312K)
 Metaspace       used 72813K, capacity 81170K, committed 81484K, reserved 1120256K
  class space    used 9001K, capacity 11474K, committed 11596K, reserved 1048576K
Event: 53.863 GC heap after
Heap after GC invocations=13 (full 0):
 garbage-first heap   total 262144K, used 86528K [0x00000000c0000000, 0x00000000c0100800, 0x0000000100000000)
  region size 1024K, 19 young (19456K), 19 survivors (19456K)
 Metaspace       used 72813K, capacity 81170K, committed 81484K, reserved 1120256K
  class space    used 9001K, capacity 11474K, committed 11596K, reserved 1048576K
}
Event: 55.410 GC heap before
{Heap before GC invocations=13 (full 0):
 garbage-first heap   total 262144K, used 139579K [0x00000000c0000000, 0x00000000c0100800, 0x0000000100000000)
  region size 1024K, 36 young (36864K), 19 survivors (19456K)
 Metaspace       used 73575K, capacity 82004K, committed 82124K, reserved 1120256K
  class space    used 9095K, capacity 11604K, committed 11724K, reserved 1048576K
Event: 55.437 GC heap after
Heap after GC invocations=14 (full 0):
 garbage-first heap   total 262144K, used 89150K [0x00000000c0000000, 0x00000000c0100800, 0x0000000100000000)
  region size 1024K, 12 young (12288K), 12 survivors (12288K)
 Metaspace       used 73575K, capacity 82004K, committed 82124K, reserved 1120256K
  class space    used 9095K, capacity 11604K, committed 11724K, reserved 1048576K
}

