# JRE version: Java(TM) SE Runtime Environment (8.0_191-b12) (build 1.8.0_191-b12)
# Java VM: Java HotSpot(TM) 64-Bit Server VM (25.191-b12 mixed mode linux-amd64 compressed oops)
Heap:
 garbage-first heap   total 289792K, used 90553K [0x00000000c0000000, 0x00000000c01008d8, 0x0000000100000000)
  region size 1024K, 17 young (17408K), 4 survivors (4096K)
 Metaspace       used 82737K, capacity 92176K, committed 92416K, reserved 1128448K
  class space    used 10233K, capacity 12965K, committed 13056K, reserved 1048576K
GC Heap History (10 events):
Event: 20.721 GC heap before
{Heap before GC invocations=7 (full 0):
 garbage-first heap   total 262144K, used 96090K [0x00000000c0000000, 0x00000000c0100800, 0x0000000100000000)
  region size 1024K, 46 young (47104K), 5 survivors (5120K)
 Metaspace       used 29011K, capacity 31952K, committed 32000K, reserved 1077248K
  class space    used 3497K, capacity 4345K, committed 4352K, reserved 1048576K
Event: 20.748 GC heap after
Heap after GC invocations=8 (full 0):
 garbage-first heap   total 262144K, used 36863K [0x00000000c0000000, 0x00000000c0100800, 0x0000000100000000)
  region size 1024K, 18 young (18432K), 18 survivors (18432K)
 Metaspace       used 29011K, capacity 31952K, committed 32000K, reserved 1077248K
  class space    used 3497K, capacity 4345K, committed 4352K, reserved 1048576K
}
Event: 28.027 GC heap before
{Heap before GC invocations=9 (full 0):
 garbage-first heap   total 262144K, used 164373K [0x00000000c0000000, 0x00000000c0100800, 0x0000000100000000)
  region size 1024K, 143 young (146432K), 18 survivors (18432K)
 Metaspace       used 48594K, capacity 53664K, committed 53760K, reserved 1095680K
  class space    used 5798K, capacity 7394K, committed 7424K, reserved 1048576K
Event: 28.076 GC heap after
Heap after GC invocations=10 (full 0):
 garbage-first heap   total 262144K, used 56219K [0x00000000c0000000, 0x00000000c0100800, 0x0000000100000000)
  region size 1024K, 20 young (20480K), 20 survivors (20480K)
 Metaspace       used 48594K, capacity 53664K, committed 53760K, reserved 1095680K
  class space    used 5798K, capacity 7394K, committed 7424K, reserved 1048576K
}
Event: 36.335 GC heap before
{Heap before GC invocations=11 (full 0):
 garbage-first heap   total 262144K, used 192411K [0x00000000c0000000, 0x00000000c0100800, 0x0000000100000000)
  region size 1024K, 153 young (156672K), 20 survivors (20480K)
 Metaspace       used 67878K, capacity 75256K, committed 75392K, reserved 1114112K
  class space    used 8348K, capacity 10508K, committed 10624K, reserved 1048576K
Event: 36.489 GC heap after
Heap after GC invocations=12 (full 0):
 garbage-first heap   total 262144K, used 88064K [0x00000000c0000000, 0x00000000c0100800, 0x0000000100000000)
  region size 1024K, 20 young (20480K), 20 survivors (20480K)
 Metaspace       used 67878K, capacity 75256K, committed 75392K, reserved 1114112K
  class space    used 8348K, capacity 10508K, committed 10624K, reserved 1048576K
}
Event: 252.176 GC heap before
{Heap before GC invocations=12 (full 0):
 garbage-first heap   total 262144K, used 206924K [0x00000000c0000000, 0x00000000c0100800, 0x0000000100000000)
  region size 1024K, 135 young (138240K), 20 survivors (20480K)
 Metaspace       used 80699K, capacity 89956K, committed 90028K, reserved 1126400K
  class space    used 10029K, capacity 12747K, committed 12800K, reserved 1048576K
Event: 252.232 GC heap after
Heap after GC invocations=13 (full 0):
 garbage-first heap   total 262144K, used 103936K [0x00000000c0000000, 0x00000000c0100800, 0x0000000100000000)
  region size 1024K, 18 young (18432K), 18 survivors (18432K)
 Metaspace       used 80699K, capacity 89956K, committed 90028K, reserved 1126400K
  class space    used 10029K, capacity 12747K, committed 12800K, reserved 1048576K
}
Event: 967.378 GC heap before
{Heap before GC invocations=14 (full 0):
 garbage-first heap   total 276480K, used 240093K [0x00000000c0000000, 0x00000000c0100870, 0x0000000100000000)
  region size 1024K, 69 young (70656K), 18 survivors (18432K)
 Metaspace       used 82430K, capacity 91808K, committed 92160K, reserved 1128448K
  class space    used 10200K, capacity 12929K, committed 13056K, reserved 1048576K
Event: 967.401 GC heap after
Heap after GC invocations=15 (full 0):
 garbage-first heap   total 289792K, used 78265K [0x00000000c0000000, 0x00000000c01008d8, 0x0000000100000000)
  region size 1024K, 4 young (4096K), 4 survivors (4096K)
 Metaspace       used 82430K, capacity 91808K, committed 92160K, reserved 1128448K
  class space    used 10200K, capacity 12929K, committed 13056K, reserved 1048576K
}

