# JRE version: Java(TM) SE Runtime Environment (8.0_191-b12) (build 1.8.0_191-b12)
# Java VM: Java HotSpot(TM) 64-Bit Server VM (25.191-b12 mixed mode linux-amd64 compressed oops)
Heap:
 garbage-first heap   total 279552K, used 114520K [0x00000000c0000000, 0x00000000c0100888, 0x0000000100000000)
  region size 1024K, 11 young (11264K), 8 survivors (8192K)
 Metaspace       used 144620K, capacity 158340K, committed 158632K, reserved 1187840K
  class space    used 16662K, capacity 20528K, committed 20648K, reserved 1048576K
GC Heap History (10 events):
Event: 14038.348 GC heap before
{Heap before GC invocations=325 (full 5):
 garbage-first heap   total 265216K, used 224577K [0x00000000c0000000, 0x00000000c0100818, 0x0000000100000000)
  region size 1024K, 122 young (124928K), 12 survivors (12288K)
 Metaspace       used 143720K, capacity 157228K, committed 157480K, reserved 1185792K
  class space    used 16554K, capacity 20415K, committed 20520K, reserved 1048576K
Event: 14038.368 GC heap after
Heap after GC invocations=326 (full 5):
 garbage-first heap   total 265216K, used 117127K [0x00000000c0000000, 0x00000000c0100818, 0x0000000100000000)
  region size 1024K, 7 young (7168K), 7 survivors (7168K)
 Metaspace       used 143720K, capacity 157228K, committed 157480K, reserved 1185792K
  class space    used 16554K, capacity 20415K, committed 20520K, reserved 1048576K
}
Event: 14804.116 GC heap before
{Heap before GC invocations=326 (full 5):
 garbage-first heap   total 265216K, used 229767K [0x00000000c0000000, 0x00000000c0100818, 0x0000000100000000)
  region size 1024K, 117 young (119808K), 7 survivors (7168K)
 Metaspace       used 143806K, capacity 157412K, committed 157736K, reserved 1185792K
  class space    used 16565K, capacity 20451K, committed 20520K, reserved 1048576K
Event: 14804.133 GC heap after
Heap after GC invocations=327 (full 5):
 garbage-first heap   total 265216K, used 117639K [0x00000000c0000000, 0x00000000c0100818, 0x0000000100000000)
  region size 1024K, 7 young (7168K), 7 survivors (7168K)
 Metaspace       used 143806K, capacity 157412K, committed 157736K, reserved 1185792K
  class space    used 16565K, capacity 20451K, committed 20520K, reserved 1048576K
}
Event: 15037.815 GC heap before
{Heap before GC invocations=327 (full 5):
 garbage-first heap   total 265216K, used 230279K [0x00000000c0000000, 0x00000000c0100818, 0x0000000100000000)
  region size 1024K, 117 young (119808K), 7 survivors (7168K)
 Metaspace       used 143883K, capacity 157494K, committed 157736K, reserved 1185792K
  class space    used 16572K, capacity 20454K, committed 20520K, reserved 1048576K
Event: 15037.830 GC heap after
Heap after GC invocations=328 (full 5):
 garbage-first heap   total 265216K, used 117639K [0x00000000c0000000, 0x00000000c0100818, 0x0000000100000000)
  region size 1024K, 7 young (7168K), 7 survivors (7168K)
 Metaspace       used 143883K, capacity 157494K, committed 157736K, reserved 1185792K
  class space    used 16572K, capacity 20454K, committed 20520K, reserved 1048576K
}
Event: 15040.784 GC heap before
{Heap before GC invocations=328 (full 5):
 garbage-first heap   total 265216K, used 151364K [0x00000000c0000000, 0x00000000c0100818, 0x0000000100000000)
  region size 1024K, 35 young (35840K), 7 survivors (7168K)
 Metaspace       used 144401K, capacity 158086K, committed 158376K, reserved 1187840K
  class space    used 16638K, capacity 20527K, committed 20648K, reserved 1048576K
Event: 15040.800 GC heap after
Heap after GC invocations=329 (full 5):
 garbage-first heap   total 265216K, used 122309K [0x00000000c0000000, 0x00000000c0100818, 0x0000000100000000)
  region size 1024K, 8 young (8192K), 8 survivors (8192K)
 Metaspace       used 144401K, capacity 158086K, committed 158376K, reserved 1187840K
  class space    used 16638K, capacity 20527K, committed 20648K, reserved 1048576K
}
Event: 15043.267 GC heap before
{Heap before GC invocations=330 (full 5):
 garbage-first heap   total 271360K, used 236471K [0x00000000c0000000, 0x00000000c0100848, 0x0000000100000000)
  region size 1024K, 24 young (24576K), 8 survivors (8192K)
 Metaspace       used 144589K, capacity 158340K, committed 158632K, reserved 1187840K
  class space    used 16659K, capacity 20528K, committed 20648K, reserved 1048576K
Event: 15043.282 GC heap after
Heap after GC invocations=331 (full 5):
 garbage-first heap   total 279552K, used 112472K [0x00000000c0000000, 0x00000000c0100888, 0x0000000100000000)
  region size 1024K, 8 young (8192K), 8 survivors (8192K)
 Metaspace       used 144589K, capacity 158340K, committed 158632K, reserved 1187840K
  class space    used 16659K, capacity 20528K, committed 20648K, reserved 1048576K
}

