# JRE version: Java(TM) SE Runtime Environment (8.0_191-b12) (build 1.8.0_191-b12)
# Java VM: Java HotSpot(TM) 64-Bit Server VM (25.191-b12 mixed mode linux-amd64 compressed oops)
Heap:
 garbage-first heap   total 419840K, used 98668K [0x00000000c0000000, 0x00000000c0100cd0, 0x0000000100000000)
  region size 1024K, 27 young (27648K), 10 survivors (10240K)
 Metaspace       used 95185K, capacity 105678K, committed 106104K, reserved 1140736K
  class space    used 11750K, capacity 14667K, committed 14712K, reserved 1048576K
GC Heap History (10 events):
Event: 97.201 GC heap before
{Heap before GC invocations=30 (full 2):
 garbage-first heap   total 262144K, used 212683K [0x00000000c0000000, 0x00000000c0100800, 0x0000000100000000)
  region size 1024K, 149 young (152576K), 0 survivors (0K)
 Metaspace       used 88936K, capacity 99168K, committed 99320K, reserved 1134592K
  class space    used 11107K, capacity 14030K, committed 14072K, reserved 1048576K
Event: 97.227 GC heap after
Heap after GC invocations=31 (full 2):
 garbage-first heap   total 262144K, used 78027K [0x00000000c0000000, 0x00000000c0100800, 0x0000000100000000)
  region size 1024K, 18 young (18432K), 18 survivors (18432K)
 Metaspace       used 88936K, capacity 99168K, committed 99320K, reserved 1134592K
  class space    used 11107K, capacity 14030K, committed 14072K, reserved 1048576K
}
Event: 97.684 GC heap before
{Heap before GC invocations=31 (full 2):
 garbage-first heap   total 262144K, used 127179K [0x00000000c0000000, 0x00000000c0100800, 0x0000000100000000)
  region size 1024K, 67 young (68608K), 18 survivors (18432K)
 Metaspace       used 89033K, capacity 99386K, committed 99704K, reserved 1134592K
  class space    used 11122K, capacity 14076K, committed 14200K, reserved 1048576K
Event: 97.941 GC heap after
Heap after GC invocations=32 (full 3):
 garbage-first heap   total 262144K, used 53766K [0x00000000c0000000, 0x00000000c0100800, 0x0000000100000000)
  region size 1024K, 0 young (0K), 0 survivors (0K)
 Metaspace       used 89033K, capacity 99386K, committed 99704K, reserved 1134592K
  class space    used 11122K, capacity 14076K, committed 14200K, reserved 1048576K
}
Event: 98.326 GC heap before
{Heap before GC invocations=32 (full 3):
 garbage-first heap   total 262144K, used 100870K [0x00000000c0000000, 0x00000000c0100800, 0x0000000100000000)
  region size 1024K, 47 young (48128K), 0 survivors (0K)
 Metaspace       used 89172K, capacity 99494K, committed 99704K, reserved 1134592K
  class space    used 11146K, capacity 14084K, committed 14200K, reserved 1048576K
Event: 98.548 GC heap after
Heap after GC invocations=33 (full 4):
 garbage-first heap   total 262144K, used 63110K [0x00000000c0000000, 0x00000000c0100800, 0x0000000100000000)
  region size 1024K, 0 young (0K), 0 survivors (0K)
 Metaspace       used 89172K, capacity 99494K, committed 99704K, reserved 1134592K
  class space    used 11146K, capacity 14084K, committed 14200K, reserved 1048576K
}
Event: 3328.598 GC heap before
{Heap before GC invocations=33 (full 4):
 garbage-first heap   total 262144K, used 211590K [0x00000000c0000000, 0x00000000c0100800, 0x0000000100000000)
  region size 1024K, 145 young (148480K), 0 survivors (0K)
 Metaspace       used 94463K, capacity 104956K, committed 105080K, reserved 1140736K
  class space    used 11697K, capacity 14685K, committed 14712K, reserved 1048576K
Event: 3328.620 GC heap after
Heap after GC invocations=34 (full 4):
 garbage-first heap   total 419840K, used 80518K [0x00000000c0000000, 0x00000000c0100cd0, 0x0000000100000000)
  region size 1024K, 17 young (17408K), 17 survivors (17408K)
 Metaspace       used 94463K, capacity 104956K, committed 105080K, reserved 1140736K
  class space    used 11697K, capacity 14685K, committed 14712K, reserved 1048576K
}
Event: 9931.877 GC heap before
{Heap before GC invocations=34 (full 4):
 garbage-first heap   total 419840K, used 362632K [0x00000000c0000000, 0x00000000c0100cd0, 0x0000000100000000)
  region size 1024K, 203 young (207872K), 17 survivors (17408K)
 Metaspace       used 95015K, capacity 105560K, committed 105848K, reserved 1140736K
  class space    used 11736K, capacity 14692K, committed 14712K, reserved 1048576K
Event: 9931.893 GC heap after
Heap after GC invocations=35 (full 4):
 garbage-first heap   total 419840K, used 76997K [0x00000000c0000000, 0x00000000c0100cd0, 0x0000000100000000)
  region size 1024K, 10 young (10240K), 10 survivors (10240K)
 Metaspace       used 95015K, capacity 105560K, committed 105848K, reserved 1140736K
  class space    used 11736K, capacity 14692K, committed 14712K, reserved 1048576K
}

