# JRE version: Java(TM) SE Runtime Environment (8.0_191-b12) (build 1.8.0_191-b12)
# Java VM: Java HotSpot(TM) 64-Bit Server VM (25.191-b12 mixed mode linux-amd64 compressed oops)
Heap:
 garbage-first heap   total 262144K, used 167168K [0x00000000c0000000, 0x00000000c0100800, 0x0000000100000000)
  region size 1024K, 19 young (19456K), 2 survivors (2048K)
 Metaspace       used 100826K, capacity 110348K, committed 110616K, reserved 1144832K
  class space    used 12107K, capacity 14820K, committed 14924K, reserved 1048576K
GC Heap History (10 events):
Event: 2016.773 GC heap before
{Heap before GC invocations=27 (full 0):
 garbage-first heap   total 262144K, used 224554K [0x00000000c0000000, 0x00000000c0100800, 0x0000000100000000)
  region size 1024K, 144 young (147456K), 9 survivors (9216K)
 Metaspace       used 96778K, capacity 105676K, committed 105752K, reserved 1140736K
  class space    used 11584K, capacity 14144K, committed 14156K, reserved 1048576K
Event: 2016.797 GC heap after
Heap after GC invocations=28 (full 0):
 garbage-first heap   total 262144K, used 86826K [0x00000000c0000000, 0x00000000c0100800, 0x0000000100000000)
  region size 1024K, 9 young (9216K), 9 survivors (9216K)
 Metaspace       used 96778K, capacity 105676K, committed 105752K, reserved 1140736K
  class space    used 11584K, capacity 14144K, committed 14156K, reserved 1048576K
}
Event: 2044.975 GC heap before
{Heap before GC invocations=28 (full 0):
 garbage-first heap   total 262144K, used 225066K [0x00000000c0000000, 0x00000000c0100800, 0x0000000100000000)
  region size 1024K, 144 young (147456K), 9 survivors (9216K)
 Metaspace       used 96960K, capacity 105970K, committed 106136K, reserved 1140736K
  class space    used 11607K, capacity 14216K, committed 14284K, reserved 1048576K
Event: 2045.012 GC heap after
Heap after GC invocations=29 (full 0):
 garbage-first heap   total 262144K, used 86826K [0x00000000c0000000, 0x00000000c0100800, 0x0000000100000000)
  region size 1024K, 9 young (9216K), 9 survivors (9216K)
 Metaspace       used 96960K, capacity 105970K, committed 106136K, reserved 1140736K
  class space    used 11607K, capacity 14216K, committed 14284K, reserved 1048576K
}
Event: 2076.024 GC heap before
{Heap before GC invocations=29 (full 0):
 garbage-first heap   total 262144K, used 225066K [0x00000000c0000000, 0x00000000c0100800, 0x0000000100000000)
  region size 1024K, 144 young (147456K), 9 survivors (9216K)
 Metaspace       used 100121K, capacity 109750K, committed 109976K, reserved 1144832K
  class space    used 12042K, capacity 14735K, committed 14796K, reserved 1048576K
Event: 2076.058 GC heap after
Heap after GC invocations=30 (full 0):
 garbage-first heap   total 262144K, used 90922K [0x00000000c0000000, 0x00000000c0100800, 0x0000000100000000)
  region size 1024K, 13 young (13312K), 13 survivors (13312K)
 Metaspace       used 100121K, capacity 109750K, committed 109976K, reserved 1144832K
  class space    used 12042K, capacity 14735K, committed 14796K, reserved 1048576K
}
Event: 2086.506 GC heap before
{Heap before GC invocations=30 (full 0):
 garbage-first heap   total 262144K, used 177906K [0x00000000c0000000, 0x00000000c0100800, 0x0000000100000000)
  region size 1024K, 74 young (75776K), 13 survivors (13312K)
 Metaspace       used 100773K, capacity 110446K, committed 110616K, reserved 1144832K
  class space    used 12104K, capacity 14839K, committed 14924K, reserved 1048576K
Event: 2086.523 GC heap after
Heap after GC invocations=31 (full 0):
 garbage-first heap   total 262144K, used 92873K [0x00000000c0000000, 0x00000000c0100800, 0x0000000100000000)
  region size 1024K, 2 young (2048K), 2 survivors (2048K)
 Metaspace       used 100773K, capacity 110446K, committed 110616K, reserved 1144832K
  class space    used 12104K, capacity 14839K, committed 14924K, reserved 1048576K
}
Event: 2086.883 GC heap before
{Heap before GC invocations=31 (full 0):
 garbage-first heap   total 262144K, used 112114K [0x00000000c0000000, 0x00000000c0100800, 0x0000000100000000)
  region size 1024K, 4 young (4096K), 2 survivors (2048K)
 Metaspace       used 100773K, capacity 110446K, committed 110616K, reserved 1144832K
  class space    used 12104K, capacity 14839K, committed 14924K, reserved 1048576K
Event: 2086.903 GC heap after
Heap after GC invocations=32 (full 0):
 garbage-first heap   total 262144K, used 88510K [0x00000000c0000000, 0x00000000c0100800, 0x0000000100000000)
  region size 1024K, 2 young (2048K), 2 survivors (2048K)
 Metaspace       used 100773K, capacity 110446K, committed 110616K, reserved 1144832K
  class space    used 12104K, capacity 14839K, committed 14924K, reserved 1048576K
}

