# JRE version: Java(TM) SE Runtime Environment (8.0_191-b12) (build 1.8.0_191-b12)
# Java VM: Java HotSpot(TM) 64-Bit Server VM (25.191-b12 mixed mode linux-amd64 compressed oops)
Heap:
 garbage-first heap   total 272384K, used 114069K [0x00000000c0000000, 0x00000000c0100850, 0x0000000100000000)
  region size 1024K, 9 young (9216K), 4 survivors (4096K)
 Metaspace       used 132898K, capacity 144728K, committed 146252K, reserved 1175552K
  class space    used 15912K, capacity 19219K, committed 19584K, reserved 1048576K
GC Heap History (10 events):
Event: 101590.871 GC heap before
{Heap before GC invocations=72 (full 0):
 garbage-first heap   total 262144K, used 229994K [0x00000000c0000000, 0x00000000c0100800, 0x0000000100000000)
  region size 1024K, 121 young (123904K), 3 survivors (3072K)
 Metaspace       used 131500K, capacity 143334K, committed 143692K, reserved 1173504K
  class space    used 15843K, capacity 19233K, committed 19328K, reserved 1048576K
Event: 101590.887 GC heap after
Heap after GC invocations=73 (full 0):
 garbage-first heap   total 262144K, used 113470K [0x00000000c0000000, 0x00000000c0100800, 0x0000000100000000)
  region size 1024K, 6 young (6144K), 6 survivors (6144K)
 Metaspace       used 131500K, capacity 143334K, committed 143692K, reserved 1173504K
  class space    used 15843K, capacity 19233K, committed 19328K, reserved 1048576K
}
Event: 101962.881 GC heap before
{Heap before GC invocations=73 (full 0):
 garbage-first heap   total 262144K, used 227134K [0x00000000c0000000, 0x00000000c0100800, 0x0000000100000000)
  region size 1024K, 117 young (119808K), 6 survivors (6144K)
 Metaspace       used 133039K, capacity 145194K, committed 145484K, reserved 1175552K
  class space    used 16022K, capacity 19476K, committed 19584K, reserved 1048576K
Event: 101962.893 GC heap after
Heap after GC invocations=74 (full 0):
 garbage-first heap   total 262144K, used 113372K [0x00000000c0000000, 0x00000000c0100800, 0x0000000100000000)
  region size 1024K, 5 young (5120K), 5 survivors (5120K)
 Metaspace       used 133039K, capacity 145194K, committed 145484K, reserved 1175552K
  class space    used 16022K, capacity 19476K, committed 19584K, reserved 1048576K
}
Event: 102634.292 GC heap before
{Heap before GC invocations=74 (full 0):
 garbage-first heap   total 262144K, used 229084K [0x00000000c0000000, 0x00000000c0100800, 0x0000000100000000)
  region size 1024K, 118 young (120832K), 5 survivors (5120K)
 Metaspace       used 133041K, capacity 145194K, committed 145484K, reserved 1175552K
  class space    used 16022K, capacity 19476K, committed 19584K, reserved 1048576K
Event: 102634.303 GC heap after
Heap after GC invocations=75 (full 0):
 garbage-first heap   total 262144K, used 113013K [0x00000000c0000000, 0x00000000c0100800, 0x0000000100000000)
  region size 1024K, 5 young (5120K), 5 survivors (5120K)
 Metaspace       used 133041K, capacity 145194K, committed 145484K, reserved 1175552K
  class space    used 16022K, capacity 19476K, committed 19584K, reserved 1048576K
}
Event: 103341.394 GC heap before
{Heap before GC invocations=75 (full 0):
 garbage-first heap   total 262144K, used 233778K [0x00000000c0000000, 0x00000000c0100800, 0x0000000100000000)
  region size 1024K, 118 young (120832K), 5 survivors (5120K)
 Metaspace       used 133894K, capacity 146102K, committed 146252K, reserved 1175552K
  class space    used 16106K, capacity 19580K, committed 19584K, reserved 1048576K
Event: 103341.409 GC heap after
Heap after GC invocations=76 (full 0):
 garbage-first heap   total 262144K, used 117181K [0x00000000c0000000, 0x00000000c0100800, 0x0000000100000000)
  region size 1024K, 5 young (5120K), 5 survivors (5120K)
 Metaspace       used 133894K, capacity 146102K, committed 146252K, reserved 1175552K
  class space    used 16106K, capacity 19580K, committed 19584K, reserved 1048576K
}
Event: 103343.295 GC heap before
{Heap before GC invocations=77 (full 0):
 garbage-first heap   total 268288K, used 232925K [0x00000000c0000000, 0x00000000c0100830, 0x0000000100000000)
  region size 1024K, 19 young (19456K), 5 survivors (5120K)
 Metaspace       used 132836K, capacity 144728K, committed 146252K, reserved 1175552K
  class space    used 15906K, capacity 19219K, committed 19584K, reserved 1048576K
Event: 103343.315 GC heap after
Heap after GC invocations=78 (full 0):
 garbage-first heap   total 272384K, used 109973K [0x00000000c0000000, 0x00000000c0100850, 0x0000000100000000)
  region size 1024K, 4 young (4096K), 4 survivors (4096K)
 Metaspace       used 132836K, capacity 144728K, committed 146252K, reserved 1175552K
  class space    used 15906K, capacity 19219K, committed 19584K, reserved 1048576K
}

