# JRE version: Java(TM) SE Runtime Environment (8.0_191-b12) (build 1.8.0_191-b12)
# Java VM: Java HotSpot(TM) 64-Bit Server VM (25.191-b12 mixed mode linux-amd64 compressed oops)
Heap:
 garbage-first heap   total 262144K, used 226981K [0x00000000c0000000, 0x00000000c0100800, 0x0000000100000000)
  region size 1024K, 22 young (22528K), 5 survivors (5120K)
 Metaspace       used 131216K, capacity 143332K, committed 143616K, reserved 1173504K
  class space    used 15272K, capacity 18821K, committed 18944K, reserved 1048576K
GC Heap History (10 events):
Event: 10587.288 GC heap before
{Heap before GC invocations=103 (full 6):
 garbage-first heap   total 262144K, used 118660K [0x00000000c0000000, 0x00000000c0100800, 0x0000000100000000)
  region size 1024K, 12 young (12288K), 2 survivors (2048K)
 Metaspace       used 130217K, capacity 142372K, committed 142592K, reserved 1173504K
  class space    used 15159K, capacity 18677K, committed 18688K, reserved 1048576K
Event: 10587.314 GC heap after
Heap after GC invocations=104 (full 6):
 garbage-first heap   total 262144K, used 105142K [0x00000000c0000000, 0x00000000c0100800, 0x0000000100000000)
  region size 1024K, 1 young (1024K), 1 survivors (1024K)
 Metaspace       used 130217K, capacity 142372K, committed 142592K, reserved 1173504K
  class space    used 15159K, capacity 18677K, committed 18688K, reserved 1048576K
}
Event: 10603.668 GC heap before
{Heap before GC invocations=104 (full 6):
 garbage-first heap   total 262144K, used 226998K [0x00000000c0000000, 0x00000000c0100800, 0x0000000100000000)
  region size 1024K, 120 young (122880K), 1 survivors (1024K)
 Metaspace       used 130354K, capacity 142414K, committed 142720K, reserved 1173504K
  class space    used 15182K, capacity 18710K, committed 18816K, reserved 1048576K
Event: 10603.695 GC heap after
Heap after GC invocations=105 (full 6):
 garbage-first heap   total 262144K, used 108003K [0x00000000c0000000, 0x00000000c0100800, 0x0000000100000000)
  region size 1024K, 4 young (4096K), 4 survivors (4096K)
 Metaspace       used 130354K, capacity 142414K, committed 142720K, reserved 1173504K
  class space    used 15182K, capacity 18710K, committed 18816K, reserved 1048576K
}
Event: 10786.894 GC heap before
{Heap before GC invocations=105 (full 6):
 garbage-first heap   total 262144K, used 226787K [0x00000000c0000000, 0x00000000c0100800, 0x0000000100000000)
  region size 1024K, 120 young (122880K), 4 survivors (4096K)
 Metaspace       used 130391K, capacity 142420K, committed 142720K, reserved 1173504K
  class space    used 15182K, capacity 18711K, committed 18816K, reserved 1048576K
Event: 10786.924 GC heap after
Heap after GC invocations=106 (full 6):
 garbage-first heap   total 262144K, used 109562K [0x00000000c0000000, 0x00000000c0100800, 0x0000000100000000)
  region size 1024K, 5 young (5120K), 5 survivors (5120K)
 Metaspace       used 130391K, capacity 142420K, committed 142720K, reserved 1173504K
  class space    used 15182K, capacity 18711K, committed 18816K, reserved 1048576K
}
Event: 10864.461 GC heap before
{Heap before GC invocations=106 (full 6):
 garbage-first heap   total 262144K, used 228346K [0x00000000c0000000, 0x00000000c0100800, 0x0000000100000000)
  region size 1024K, 121 young (123904K), 5 survivors (5120K)
 Metaspace       used 130484K, capacity 142492K, committed 142720K, reserved 1173504K
  class space    used 15188K, capacity 18714K, committed 18816K, reserved 1048576K
Event: 10864.479 GC heap after
Heap after GC invocations=107 (full 6):
 garbage-first heap   total 262144K, used 110330K [0x00000000c0000000, 0x00000000c0100800, 0x0000000100000000)
  region size 1024K, 6 young (6144K), 6 survivors (6144K)
 Metaspace       used 130484K, capacity 142492K, committed 142720K, reserved 1173504K
  class space    used 15188K, capacity 18714K, committed 18816K, reserved 1048576K
}
Event: 10868.630 GC heap before
{Heap before GC invocations=107 (full 6):
 garbage-first heap   total 262144K, used 151789K [0x00000000c0000000, 0x00000000c0100800, 0x0000000100000000)
  region size 1024K, 38 young (38912K), 6 survivors (6144K)
 Metaspace       used 130993K, capacity 143072K, committed 143360K, reserved 1173504K
  class space    used 15247K, capacity 18819K, committed 18944K, reserved 1048576K
Event: 10868.648 GC heap after
Heap after GC invocations=108 (full 6):
 garbage-first heap   total 262144K, used 110778K [0x00000000c0000000, 0x00000000c0100800, 0x0000000100000000)
  region size 1024K, 5 young (5120K), 5 survivors (5120K)
 Metaspace       used 130993K, capacity 143072K, committed 143360K, reserved 1173504K
  class space    used 15247K, capacity 18819K, committed 18944K, reserved 1048576K
}

