# JRE version: Java(TM) SE Runtime Environment (8.0_191-b12) (build 1.8.0_191-b12)
# Java VM: Java HotSpot(TM) 64-Bit Server VM (25.191-b12 mixed mode linux-amd64 compressed oops)
Heap:
 garbage-first heap   total 262144K, used 204316K [0x00000000c0000000, 0x00000000c0100800, 0x0000000100000000)
  region size 1024K, 24 young (24576K), 7 survivors (7168K)
 Metaspace       used 97566K, capacity 106936K, committed 107340K, reserved 1142784K
  class space    used 11765K, capacity 14400K, committed 14464K, reserved 1048576K
GC Heap History (10 events):
Event: 3173.998 GC heap before
{Heap before GC invocations=19 (full 0):
 garbage-first heap   total 262144K, used 225638K [0x00000000c0000000, 0x00000000c0100800, 0x0000000100000000)
  region size 1024K, 132 young (135168K), 8 survivors (8192K)
 Metaspace       used 90278K, capacity 98684K, committed 98892K, reserved 1134592K
  class space    used 10898K, capacity 13426K, committed 13440K, reserved 1048576K
Event: 3174.018 GC heap after
Heap after GC invocations=20 (full 0):
 garbage-first heap   total 262144K, used 97280K [0x00000000c0000000, 0x00000000c0100800, 0x0000000100000000)
  region size 1024K, 7 young (7168K), 7 survivors (7168K)
 Metaspace       used 90278K, capacity 98684K, committed 98892K, reserved 1134592K
  class space    used 10898K, capacity 13426K, committed 13440K, reserved 1048576K
}
Event: 3186.639 GC heap before
{Heap before GC invocations=20 (full 0):
 garbage-first heap   total 262144K, used 226304K [0x00000000c0000000, 0x00000000c0100800, 0x0000000100000000)
  region size 1024K, 133 young (136192K), 7 survivors (7168K)
 Metaspace       used 92989K, capacity 101738K, committed 101964K, reserved 1136640K
  class space    used 11248K, capacity 13849K, committed 13952K, reserved 1048576K
Event: 3186.674 GC heap after
Heap after GC invocations=21 (full 0):
 garbage-first heap   total 262144K, used 103936K [0x00000000c0000000, 0x00000000c0100800, 0x0000000100000000)
  region size 1024K, 13 young (13312K), 13 survivors (13312K)
 Metaspace       used 92989K, capacity 101738K, committed 101964K, reserved 1136640K
  class space    used 11248K, capacity 13849K, committed 13952K, reserved 1048576K
}
Event: 3239.520 GC heap before
{Heap before GC invocations=21 (full 0):
 garbage-first heap   total 262144K, used 221696K [0x00000000c0000000, 0x00000000c0100800, 0x0000000100000000)
  region size 1024K, 128 young (131072K), 13 survivors (13312K)
 Metaspace       used 95552K, capacity 104848K, committed 105164K, reserved 1140736K
  class space    used 11575K, capacity 14286K, committed 14336K, reserved 1048576K
Event: 3239.542 GC heap after
Heap after GC invocations=22 (full 0):
 garbage-first heap   total 262144K, used 104642K [0x00000000c0000000, 0x00000000c0100800, 0x0000000100000000)
  region size 1024K, 12 young (12288K), 12 survivors (12288K)
 Metaspace       used 95552K, capacity 104848K, committed 105164K, reserved 1140736K
  class space    used 11575K, capacity 14286K, committed 14336K, reserved 1048576K
}
Event: 3288.552 GC heap before
{Heap before GC invocations=22 (full 0):
 garbage-first heap   total 262144K, used 222402K [0x00000000c0000000, 0x00000000c0100800, 0x0000000100000000)
  region size 1024K, 127 young (130048K), 12 survivors (12288K)
 Metaspace       used 96888K, capacity 106208K, committed 106316K, reserved 1140736K
  class space    used 11712K, capacity 14416K, committed 14464K, reserved 1048576K
Event: 3288.575 GC heap after
Heap after GC invocations=23 (full 0):
 garbage-first heap   total 262144K, used 106416K [0x00000000c0000000, 0x00000000c0100800, 0x0000000100000000)
  region size 1024K, 11 young (11264K), 11 survivors (11264K)
 Metaspace       used 96888K, capacity 106208K, committed 106316K, reserved 1140736K
  class space    used 11712K, capacity 14416K, committed 14464K, reserved 1048576K
}
Event: 3356.723 GC heap before
{Heap before GC invocations=23 (full 0):
 garbage-first heap   total 262144K, used 224609K [0x00000000c0000000, 0x00000000c0100800, 0x0000000100000000)
  region size 1024K, 112 young (114688K), 11 survivors (11264K)
 Metaspace       used 97491K, capacity 106872K, committed 107084K, reserved 1142784K
  class space    used 11762K, capacity 14424K, committed 14464K, reserved 1048576K
Event: 3356.741 GC heap after
Heap after GC invocations=24 (full 0):
 garbage-first heap   total 262144K, used 105455K [0x00000000c0000000, 0x00000000c0100800, 0x0000000100000000)
  region size 1024K, 7 young (7168K), 7 survivors (7168K)
 Metaspace       used 97491K, capacity 106872K, committed 107084K, reserved 1142784K
  class space    used 11762K, capacity 14424K, committed 14464K, reserved 1048576K
}

