# JRE version: Java(TM) SE Runtime Environment (8.0_191-b12) (build 1.8.0_191-b12)
# Java VM: Java HotSpot(TM) 64-Bit Server VM (25.191-b12 mixed mode linux-amd64 compressed oops)
Heap:
 garbage-first heap   total 266240K, used 225461K [0x00000000c0000000, 0x00000000c0100820, 0x0000000100000000)
  region size 1024K, 29 young (29696K), 4 survivors (4096K)
 Metaspace       used 82910K, capacity 92040K, committed 92304K, reserved 1128448K
  class space    used 10128K, capacity 12844K, committed 12952K, reserved 1048576K
GC Heap History (10 events):
Event: 26.842 GC heap before
{Heap before GC invocations=21 (full 0):
 garbage-first heap   total 266240K, used 215963K [0x00000000c0000000, 0x00000000c0100820, 0x0000000100000000)
  region size 1024K, 156 young (159744K), 20 survivors (20480K)
 Metaspace       used 57841K, capacity 64142K, committed 64272K, reserved 1103872K
  class space    used 6794K, capacity 8863K, committed 8984K, reserved 1048576K
Event: 26.887 GC heap after
Heap after GC invocations=22 (full 0):
 garbage-first heap   total 266240K, used 96768K [0x00000000c0000000, 0x00000000c0100820, 0x0000000100000000)
  region size 1024K, 20 young (20480K), 20 survivors (20480K)
 Metaspace       used 57841K, capacity 64142K, committed 64272K, reserved 1103872K
  class space    used 6794K, capacity 8863K, committed 8984K, reserved 1048576K
}
Event: 29.686 GC heap before
{Heap before GC invocations=23 (full 0):
 garbage-first heap   total 266240K, used 215552K [0x00000000c0000000, 0x00000000c0100820, 0x0000000100000000)
  region size 1024K, 139 young (142336K), 20 survivors (20480K)
 Metaspace       used 71224K, capacity 79520K, committed 79760K, reserved 1118208K
  class space    used 8550K, capacity 11100K, committed 11160K, reserved 1048576K
Event: 29.729 GC heap after
Heap after GC invocations=24 (full 0):
 garbage-first heap   total 266240K, used 117248K [0x00000000c0000000, 0x00000000c0100820, 0x0000000100000000)
  region size 1024K, 18 young (18432K), 18 survivors (18432K)
 Metaspace       used 71224K, capacity 79520K, committed 79760K, reserved 1118208K
  class space    used 8550K, capacity 11100K, committed 11160K, reserved 1048576K
}
Event: 29.816 GC heap before
{Heap before GC invocations=24 (full 0):
 garbage-first heap   total 266240K, used 118272K [0x00000000c0000000, 0x00000000c0100820, 0x0000000100000000)
  region size 1024K, 19 young (19456K), 18 survivors (18432K)
 Metaspace       used 71226K, capacity 79520K, committed 79760K, reserved 1118208K
  class space    used 8550K, capacity 11100K, committed 11160K, reserved 1048576K
Event: 29.879 GC heap after
Heap after GC invocations=25 (full 0):
 garbage-first heap   total 266240K, used 102400K [0x00000000c0000000, 0x00000000c0100820, 0x0000000100000000)
  region size 1024K, 3 young (3072K), 3 survivors (3072K)
 Metaspace       used 71226K, capacity 79520K, committed 79760K, reserved 1118208K
  class space    used 8550K, capacity 11100K, committed 11160K, reserved 1048576K
}
Event: 105.028 GC heap before
{Heap before GC invocations=25 (full 0):
 garbage-first heap   total 266240K, used 228864K [0x00000000c0000000, 0x00000000c0100820, 0x0000000100000000)
  region size 1024K, 126 young (129024K), 3 survivors (3072K)
 Metaspace       used 80422K, capacity 89526K, committed 89616K, reserved 1126400K
  class space    used 9764K, capacity 12498K, committed 12568K, reserved 1048576K
Event: 105.075 GC heap after
Heap after GC invocations=26 (full 0):
 garbage-first heap   total 266240K, used 126976K [0x00000000c0000000, 0x00000000c0100820, 0x0000000100000000)
  region size 1024K, 16 young (16384K), 16 survivors (16384K)
 Metaspace       used 80422K, capacity 89526K, committed 89616K, reserved 1126400K
  class space    used 9764K, capacity 12498K, committed 12568K, reserved 1048576K
}
Event: 115.425 GC heap before
{Heap before GC invocations=26 (full 0):
 garbage-first heap   total 266240K, used 166845K [0x00000000c0000000, 0x00000000c0100820, 0x0000000100000000)
  region size 1024K, 50 young (51200K), 16 survivors (16384K)
 Metaspace       used 82684K, capacity 91800K, committed 91920K, reserved 1128448K
  class space    used 10104K, capacity 12808K, committed 12824K, reserved 1048576K
Event: 115.449 GC heap after
Heap after GC invocations=27 (full 0):
 garbage-first heap   total 266240K, used 127038K [0x00000000c0000000, 0x00000000c0100820, 0x0000000100000000)
  region size 1024K, 4 young (4096K), 4 survivors (4096K)
 Metaspace       used 82684K, capacity 91800K, committed 91920K, reserved 1128448K
  class space    used 10104K, capacity 12808K, committed 12824K, reserved 1048576K
}

