# JRE version: Java(TM) SE Runtime Environment (8.0_191-b12) (build 1.8.0_191-b12)
# Java VM: Java HotSpot(TM) 64-Bit Server VM (25.191-b12 mixed mode linux-amd64 compressed oops)
Heap:
 garbage-first heap   total 262144K, used 207044K [0x00000000c0000000, 0x00000000c0100800, 0x0000000100000000)
  region size 1024K, 22 young (22528K), 5 survivors (5120K)
 Metaspace       used 95586K, capacity 104362K, committed 104652K, reserved 1140736K
  class space    used 11505K, capacity 14042K, committed 14080K, reserved 1048576K
GC Heap History (10 events):
Event: 3480.159 GC heap before
{Heap before GC invocations=20 (full 0):
 garbage-first heap   total 262144K, used 224768K [0x00000000c0000000, 0x00000000c0100800, 0x0000000100000000)
  region size 1024K, 124 young (126976K), 8 survivors (8192K)
 Metaspace       used 94471K, capacity 103344K, committed 103628K, reserved 1138688K
  class space    used 11417K, capacity 13987K, committed 14080K, reserved 1048576K
Event: 3480.172 GC heap after
Heap after GC invocations=21 (full 0):
 garbage-first heap   total 262144K, used 105472K [0x00000000c0000000, 0x00000000c0100800, 0x0000000100000000)
  region size 1024K, 7 young (7168K), 7 survivors (7168K)
 Metaspace       used 94471K, capacity 103344K, committed 103628K, reserved 1138688K
  class space    used 11417K, capacity 13987K, committed 14080K, reserved 1048576K
}
Event: 5455.263 GC heap before
{Heap before GC invocations=21 (full 0):
 garbage-first heap   total 262144K, used 226304K [0x00000000c0000000, 0x00000000c0100800, 0x0000000100000000)
  region size 1024K, 125 young (128000K), 7 survivors (7168K)
 Metaspace       used 94542K, capacity 103414K, committed 103628K, reserved 1138688K
  class space    used 11418K, capacity 13988K, committed 14080K, reserved 1048576K
Event: 5455.279 GC heap after
Heap after GC invocations=22 (full 0):
 garbage-first heap   total 262144K, used 106496K [0x00000000c0000000, 0x00000000c0100800, 0x0000000100000000)
  region size 1024K, 8 young (8192K), 8 survivors (8192K)
 Metaspace       used 94542K, capacity 103414K, committed 103628K, reserved 1138688K
  class space    used 11418K, capacity 13988K, committed 14080K, reserved 1048576K
}
Event: 10856.273 GC heap before
{Heap before GC invocations=22 (full 0):
 garbage-first heap   total 262144K, used 225280K [0x00000000c0000000, 0x00000000c0100800, 0x0000000100000000)
  region size 1024K, 124 young (126976K), 8 survivors (8192K)
 Metaspace       used 94626K, capacity 103478K, committed 103884K, reserved 1138688K
  class space    used 11418K, capacity 13988K, committed 14080K, reserved 1048576K
Event: 10856.291 GC heap after
Heap after GC invocations=23 (full 0):
 garbage-first heap   total 262144K, used 108544K [0x00000000c0000000, 0x00000000c0100800, 0x0000000100000000)
  region size 1024K, 10 young (10240K), 10 survivors (10240K)
 Metaspace       used 94626K, capacity 103478K, committed 103884K, reserved 1138688K
  class space    used 11418K, capacity 13988K, committed 14080K, reserved 1048576K
}
Event: 14541.530 GC heap before
{Heap before GC invocations=23 (full 0):
 garbage-first heap   total 262144K, used 223232K [0x00000000c0000000, 0x00000000c0100800, 0x0000000100000000)
  region size 1024K, 122 young (124928K), 10 survivors (10240K)
 Metaspace       used 94673K, capacity 103606K, committed 103884K, reserved 1138688K
  class space    used 11418K, capacity 13988K, committed 14080K, reserved 1048576K
Event: 14541.555 GC heap after
Heap after GC invocations=24 (full 0):
 garbage-first heap   total 262144K, used 106522K [0x00000000c0000000, 0x00000000c0100800, 0x0000000100000000)
  region size 1024K, 6 young (6144K), 6 survivors (6144K)
 Metaspace       used 94673K, capacity 103606K, committed 103884K, reserved 1138688K
  class space    used 11418K, capacity 13988K, committed 14080K, reserved 1048576K
}
Event: 14554.295 GC heap before
{Heap before GC invocations=24 (full 0):
 garbage-first heap   total 262144K, used 166413K [0x00000000c0000000, 0x00000000c0100800, 0x0000000100000000)
  region size 1024K, 56 young (57344K), 6 survivors (6144K)
 Metaspace       used 95531K, capacity 104482K, committed 104652K, reserved 1140736K
  class space    used 11503K, capacity 14038K, committed 14080K, reserved 1048576K
Event: 14554.306 GC heap after
Heap after GC invocations=25 (full 0):
 garbage-first heap   total 262144K, used 107226K [0x00000000c0000000, 0x00000000c0100800, 0x0000000100000000)
  region size 1024K, 5 young (5120K), 5 survivors (5120K)
 Metaspace       used 95531K, capacity 104482K, committed 104652K, reserved 1140736K
  class space    used 11503K, capacity 14038K, committed 14080K, reserved 1048576K
}

