# JRE version: Java(TM) SE Runtime Environment (8.0_191-b12) (build 1.8.0_191-b12)
# Java VM: Java HotSpot(TM) 64-Bit Server VM (25.191-b12 mixed mode linux-amd64 compressed oops)
Heap:
 garbage-first heap   total 274432K, used 160768K [0x00000000c0000000, 0x00000000c0100860, 0x0000000100000000)
  region size 1024K, 55 young (56320K), 5 survivors (5120K)
 Metaspace       used 139704K, capacity 152814K, committed 152908K, reserved 1181696K
  class space    used 16273K, capacity 20066K, committed 20096K, reserved 1048576K
GC Heap History (10 events):
Event: 83843.350 GC heap before
{Heap before GC invocations=180 (full 0):
 garbage-first heap   total 274432K, used 238760K [0x00000000c0000000, 0x00000000c0100860, 0x0000000100000000)
  region size 1024K, 131 young (134144K), 2 survivors (2048K)
 Metaspace       used 139033K, capacity 152008K, committed 152268K, reserved 1181696K
  class space    used 16201K, capacity 19954K, committed 19968K, reserved 1048576K
Event: 83843.380 GC heap after
Heap after GC invocations=181 (full 0):
 garbage-first heap   total 274432K, used 108433K [0x00000000c0000000, 0x00000000c0100860, 0x0000000100000000)
  region size 1024K, 3 young (3072K), 3 survivors (3072K)
 Metaspace       used 139033K, capacity 152008K, committed 152268K, reserved 1181696K
  class space    used 16201K, capacity 19954K, committed 19968K, reserved 1048576K
}
Event: 83876.025 GC heap before
{Heap before GC invocations=181 (full 0):
 garbage-first heap   total 274432K, used 240529K [0x00000000c0000000, 0x00000000c0100860, 0x0000000100000000)
  region size 1024K, 132 young (135168K), 3 survivors (3072K)
 Metaspace       used 139046K, capacity 152008K, committed 152268K, reserved 1181696K
  class space    used 16201K, capacity 19954K, committed 19968K, reserved 1048576K
Event: 83876.040 GC heap after
Heap after GC invocations=182 (full 0):
 garbage-first heap   total 274432K, used 109376K [0x00000000c0000000, 0x00000000c0100860, 0x0000000100000000)
  region size 1024K, 4 young (4096K), 4 survivors (4096K)
 Metaspace       used 139046K, capacity 152008K, committed 152268K, reserved 1181696K
  class space    used 16201K, capacity 19954K, committed 19968K, reserved 1048576K
}
Event: 83897.328 GC heap before
{Heap before GC invocations=182 (full 0):
 garbage-first heap   total 274432K, used 240448K [0x00000000c0000000, 0x00000000c0100860, 0x0000000100000000)
  region size 1024K, 132 young (135168K), 4 survivors (4096K)
 Metaspace       used 139085K, capacity 152032K, committed 152268K, reserved 1181696K
  class space    used 16204K, capacity 19958K, committed 19968K, reserved 1048576K
Event: 83897.346 GC heap after
Heap after GC invocations=183 (full 0):
 garbage-first heap   total 274432K, used 110080K [0x00000000c0000000, 0x00000000c0100860, 0x0000000100000000)
  region size 1024K, 5 young (5120K), 5 survivors (5120K)
 Metaspace       used 139085K, capacity 152032K, committed 152268K, reserved 1181696K
  class space    used 16204K, capacity 19958K, committed 19968K, reserved 1048576K
}
Event: 84786.272 GC heap before
{Heap before GC invocations=183 (full 0):
 garbage-first heap   total 274432K, used 240128K [0x00000000c0000000, 0x00000000c0100860, 0x0000000100000000)
  region size 1024K, 132 young (135168K), 5 survivors (5120K)
 Metaspace       used 139114K, capacity 152136K, committed 152396K, reserved 1181696K
  class space    used 16207K, capacity 19992K, committed 20096K, reserved 1048576K
Event: 84786.292 GC heap after
Heap after GC invocations=184 (full 0):
 garbage-first heap   total 274432K, used 110080K [0x00000000c0000000, 0x00000000c0100860, 0x0000000100000000)
  region size 1024K, 5 young (5120K), 5 survivors (5120K)
 Metaspace       used 139114K, capacity 152136K, committed 152396K, reserved 1181696K
  class space    used 16207K, capacity 19992K, committed 20096K, reserved 1048576K
}
Event: 85943.551 GC heap before
{Heap before GC invocations=184 (full 0):
 garbage-first heap   total 274432K, used 240128K [0x00000000c0000000, 0x00000000c0100860, 0x0000000100000000)
  region size 1024K, 132 young (135168K), 5 survivors (5120K)
 Metaspace       used 139165K, capacity 152136K, committed 152396K, reserved 1181696K
  class space    used 16211K, capacity 19992K, committed 20096K, reserved 1048576K
Event: 85943.574 GC heap after
Heap after GC invocations=185 (full 0):
 garbage-first heap   total 274432K, used 110592K [0x00000000c0000000, 0x00000000c0100860, 0x0000000100000000)
  region size 1024K, 5 young (5120K), 5 survivors (5120K)
 Metaspace       used 139165K, capacity 152136K, committed 152396K, reserved 1181696K
  class space    used 16211K, capacity 19992K, committed 20096K, reserved 1048576K
}

